make all --print-data-base --no-builtin-variables --no-builtin-rules --question
# GNU Make 4.1
# Built for x86_64-pc-linux-gnu
# Copyright (C) 1988-2014 Free Software Foundation, Inc.
# License GPLv3+: GNU GPL version 3 or later <http://gnu.org/licenses/gpl.html>
# This is free software: you are free to change and redistribute it.
# There is NO WARRANTY, to the extent permitted by law.

# Make data base, printed on Sun May 15 19:22:16 2022

# Variables

# 'override' directive
GNUMAKEFLAGS := 
# automatic
<D = $(patsubst %/,%,$(dir $<))
# automatic
?F = $(notdir $?)
# environment
DESKTOP_SESSION = ubuntu
# default
.SHELLFLAGS := -c
# environment
SNAP_COMMON = /var/snap/code/common
# environment
XDG_SESSION_TYPE = x11
# environment
VSCODE_LOG_NATIVE = false
# automatic
?D = $(patsubst %/,%,$(dir $?))
# environment
IM_CONFIG_PHASE = 2
# automatic
@D = $(patsubst %/,%,$(dir $@))
# environment
XAUTHORITY = /run/user/1000/gdm/Xauthority
# environment
GDMSESSION = ubuntu
# environment
XMODIFIERS = @im=ibus
# makefile
CURDIR := /home/mrx/mystrtest/myCtest
# makefile
SHELL = /bin/sh
# environment
SNAP_DATA = /var/snap/code/96
# environment
VSCODE_NLS_CONFIG = {"locale":"en-us","availableLanguages":{},"_languagePackSupport":true}
# environment
_ = /snap/code/96/usr/share/code/code
# environment
XDG_CONFIG_DIRS = /etc/xdg/xdg-ubuntu:/etc/xdg
# environment
MOZ_CRASHREPORTER_RESTART_ARG_0 = /usr/bin/firefox
# environment
SNAP_ARCH = amd64
# makefile (from 'Makefile', line 1)
MAKEFILE_LIST :=  Makefile
# automatic
@F = $(notdir $@)
# environment
GIO_LAUNCHED_DESKTOP_FILE = /var/lib/snapd/desktop/applications/code_code-url-handler.desktop
# environment
USERNAME = mrx
# environment
XRE_RESTARTED_BY_PROFILE_MANAGER = 
# environment
DBUS_SESSION_BUS_ADDRESS = unix:path=/run/user/1000/bus
# environment
VSCODE_VERBOSE_LOGGING = true
# environment
MOZ_CRASHREPORTER_RESTART_ARG_1 = https://github.com/login/oauth/authorize?client_id=01ab8ac9400c4e429b23&redirect_uri=https://vscode.dev/redirect&scope=user:email&state=vscode%253A%252F%252Fvscode.github-authentication%252Fdid-authenticate%253Fnonce%253Df844658d-3ac5-43aa-92dd-7e474d8ae7d4%2526windowId%253D1
# environment
CLUTTER_IM_MODULE = xim
# environment
LESSOPEN = | /usr/bin/lesspipe %s
# environment
VSCODE_CWD = /home/mrx
# environment
GSETTINGS_SCHEMA_DIR = /snap/code/96/usr/share/glib-2.0/schemas
# default
MAKE_HOST := x86_64-pc-linux-gnu
# environment
PATH = /opt/openwrt-toolchain-ramips-mt76x8_gcc-11.2.0_musl.Linux-x86_64/toolchain-mipsel_24kc_gcc-11.2.0_musl/bin:/usr/local/sbin:/usr/local/bin:/usr/sbin:/usr/bin:/sbin:/bin:/usr/games:/usr/local/games:/snap/bin
# makefile (from 'Makefile', line 3)
PROG = outputstr unpitest mytest printtest
# environment
GPG_AGENT_INFO = /run/user/1000/gnupg/S.gpg-agent:0:1
# environment
SESSION_MANAGER = local/ubuntu:@/tmp/.ICE-unix/1647,unix/ubuntu:/tmp/.ICE-unix/1647
# environment
XDG_RUNTIME_DIR = /run/user/1000
# environment
GDK_PIXBUF_MODULE_FILE = /home/mrx/snap/code/common/.cache/gdk-pixbuf-loaders.cache
# environment
TEXTDOMAIN = im-config
# environment
SNAP = /snap/code/96
# environment
SNAP_INSTANCE_NAME = code
# environment
SNAP_VERSION = da15b6fd
# environment
XDG_MENU_PREFIX = gnome-
# environment
VSCODE_LOG_STACK = false
# environment
DISABLE_WAYLAND = 1
# environment
ELECTRON_RUN_AS_NODE = 1
# environment
GDK_PIXBUF_MODULEDIR = /snap/code/96/usr/lib/x86_64-linux-gnu/gdk-pixbuf-2.0/2.10.0/loaders
# default
.FEATURES := target-specific order-only second-expansion else-if shortest-stem undefine oneshell archives jobserver output-sync check-symlink load
# environment
LS_COLORS = 
# environment
XDG_SESSION_DESKTOP = ubuntu
# environment
SSH_AUTH_SOCK = /run/user/1000/keyring/ssh
# environment
GIO_LAUNCHED_DESKTOP_FILE_PID = 87999
# automatic
%F = $(notdir $%)
# environment
DISPLAY = :0
# environment
MOZ_CRASHREPORTER_RESTART_ARG_2 = 
# environment
GTK_IM_MODULE = ibus
# environment
VSCODE_PIPE_LOGGING = true
# environment
SNAP_INSTANCE_KEY = 
# environment
PWD = /home/mrx/mystrtest/myCtest
# environment
XDG_SEAT = seat0
# environment
SSH_AGENT_PID = 1742
# environment
ORIGINAL_XDG_CURRENT_DESKTOP = Unity
# environment
XUL_APP_FILE = 
# environment
XDG_DATA_DIRS = /usr/share/ubuntu:/usr/local/share/:/usr/share/:/var/lib/snapd/desktop
# environment
XRE_START_OFFLINE = 
# environment
GTK_MODULES = gail:atk-bridge
# environment
MOZ_APP_LAUNCHER = /usr/bin/firefox
# environment
VSCODE_AMD_ENTRYPOINT = vs/workbench/api/node/extensionHostProcess
# environment
HOME = /home/mrx
# environment
LESSCLOSE = /usr/bin/lesspipe %s %s
# environment
VSCODE_CLI = 1
# environment
VSCODE_CODE_CACHE_PATH = /home/mrx/.config/Code/CachedData/da15b6fd3ef856477bf6f4fb29ba1b7af717770d
# environment
LOGNAME = mrx
# environment
APPLICATION_INSIGHTS_NO_DIAGNOSTIC_CHANNEL = 1
# environment
SNAP_LIBRARY_PATH = /var/lib/snapd/lib/gl:/var/lib/snapd/lib/gl32:/var/lib/snapd/void
# environment
SNAP_CONTEXT = O_LHCMKvyZ_hfZobFXBAPVXkfxzH8vyVLnTKABGpsahz1YyJDZz6
# environment
ELECTRON_NO_ATTACH_CONSOLE = 1
# environment
MOZ_ASSUME_USER_NS = 1
# environment
SNAP_USER_COMMON = /home/mrx/snap/code/common
# environment
VSCODE_HANDLES_UNCAUGHT_ERRORS = true
# default
MAKE_VERSION := 4.1
# environment
GNOME_DESKTOP_SESSION_ID = this-is-deprecated
# automatic
^D = $(patsubst %/,%,$(dir $^))
# environment
XDG_VTNR = 2
# environment
MAKELEVEL := 0
# environment
SNAP_REAL_HOME = /home/mrx
# default
MAKE = $(MAKE_COMMAND)
# default
MAKECMDGOALS := all
# environment
QT_IM_MODULE = xim
# environment
SNAP_USER_DATA = /home/mrx/snap/code/96
# environment
SHLVL = 1
# makefile (from 'Makefile', line 2)
CC = gcc
# environment
GNOME_SHELL_SESSION_MODE = ubuntu
# environment
VSCODE_IPC_HOOK_EXTHOST = /run/user/1000/vscode-ipc-23f88f0b-9ad1-425c-adb5-c99d62cd6561.sock
# environment
XDG_SESSION_ID = 2
# environment
USER = mrx
# environment
SNAP_REVISION = 96
# environment
MOZ_LAUNCHED_CHILD = 
# makefile
.DEFAULT_GOAL := all
# environment
XDG_CURRENT_DESKTOP = Unity
# automatic
%D = $(patsubst %/,%,$(dir $%))
# default
MAKE_COMMAND := make
# environment
STAGING_DIR = /opt/openwrt/staging_dir
# default
.VARIABLES := 
# automatic
*F = $(notdir $*)
# environment
VSCODE_IPC_HOOK = /run/user/1000/vscode-dd2ecdea-1.67.1-main.sock
# environment
BAMF_DESKTOP_FILE_HINT = /var/lib/snapd/desktop/applications/code_code-url-handler.desktop
# environment
XRE_PROFILE_LOCAL_PATH = 
# makefile
MAKEFLAGS = pqrR
# environment
XRE_BINARY_PATH = 
# environment
MFLAGS = -pqrR
# automatic
*D = $(patsubst %/,%,$(dir $*))
# automatic
+D = $(patsubst %/,%,$(dir $+))
# environment
GDK_BACKEND = x11
# automatic
+F = $(notdir $+)
# environment
QT_ACCESSIBILITY = 1
# environment
TEXTDOMAINDIR = /usr/share/locale/
# default
MAKEFILES := 
# environment
SNAP_COOKIE = O_LHCMKvyZ_hfZobFXBAPVXkfxzH8vyVLnTKABGpsahz1YyJDZz6
# automatic
<F = $(notdir $<)
# environment
SNAP_NAME = code
# environment
LC_ALL = C
# environment
__GL_ALLOW_FXAA_USAGE = 0
# environment
QT4_IM_MODULE = xim
# environment
GJS_DEBUG_TOPICS = JS ERROR;JS LOG
# makefile (from 'Makefile', line 6)
LIBS = -lunpipc -lpthread -lrt
# automatic
^F = $(notdir $^)
# default
SUFFIXES := 
# makefile (from 'Makefile', line 7)
FLAGS = -g -std=c11 
# environment
SNAP_REEXEC = 
# environment
CHROME_DESKTOP = code-url-handler.desktop
# environment
WINDOWPATH = 2
# environment
 
MOZ_CRASHREPORTER_DATA_DIRECTORY = /home/mrx/.mozilla/firefox/Crash Reports
# default
.INCLUDE_DIRS = /usr/include /usr/local/include /usr/include
# environment
GJS_DEBUG_OUTPUT = stderr
# default
.RECIPEPREFIX := 
# environment
MM_NOTTTY = 1
# environment
XRE_PROFILE_PATH = 
# environment
LANG = C
# environment
MOZ_CRASHREPORTER_STRINGS_OVERRIDE = /usr/lib/firefox/browser/crashreporter-override.ini
# environment
MOZ_CRASHREPORTER_PING_DIRECTORY = /home/mrx/.mozilla/firefox/Pending Pings
# environment
MOZ_CRASHREPORTER_EVENTS_DIRECTORY = /home/mrx/.mozilla/firefox/6i58aaz8.default/crashes/events
# environment
VSCODE_PID = 88048
# environment
MOZ_APP_SILENT_START = 
# variable set hash-table stats:
# Load=147/1024=14%, Rehash=0, Collisions=23/177=13%

# Pattern-specific Variable Values

# No pattern-specific variable values.

# Directories

# . (device 2049, inode 5017222): 20 files, no impossibilities.

# 20 files, no impossibilities in 1 directories.

# Implicit Rules

# No implicit rules.

# Files

# Not a target:
outputstr.o:
#  Implicit rule search has been done.
#  Last modified 2022-05-15 19:03:10.110574947
#  File has been updated.
#  Successfully updated.

outputstr: outputstr.o
#  Implicit rule search has not been done.
#  Last modified 2022-05-15 19:03:10.158577754
#  File has been updated.
#  Successfully updated.
#  recipe to execute (from 'Makefile', line 10):
	gcc -g -o outputstr outputstr.c

# Not a target:
unpitest.o:
#  Implicit rule search has been done.
#  Last modified 2022-05-15 19:03:10.19457986
#  File has been updated.
#  Successfully updated.

unpitest: unpitest.o
#  Implicit rule search has not been done.
#  Last modified 2022-05-15 19:03:10.266584071
#  File has been updated.
#  Successfully updated.
#  recipe to execute (from 'Makefile', line 13):
	$(CC) $(FLAGS) -o unpitest unpitest.c $(LIBS)

all: outputstr unpitest mytest printtest
#  Command line target.
#  Implicit rule search has been done.
#  File does not exist.
#  File has been updated.
#  Successfully updated.

# Not a target:
Makefile:
#  Implicit rule search has been done.
#  Last modified 2022-05-15 18:37:02.256807024
#  File has been updated.
#  Successfully updated.

# Not a target:
printtest.o:
#  Implicit rule search has been done.
#  Last modified 2022-05-15 19:03:10.350588985
#  File has been updated.
#  Successfully updated.

printtest: printtest.o
#  Implicit rule search has not been done.
#  Last modified 2022-05-15 19:03:10.398591791
#  File has been updated.
#  Successfully updated.
#  recipe to execute (from 'Makefile', line 18):
	$(CC) $(FLAGS) -o printtest printtest.c

# Not a target:
.DEFAULT:
#  Implicit rule search has not been done.
#  Modification time never checked.
#  File has not been updated.

clean:
#  Implicit rule search has not been done.
#  Modification time never checked.
#  File has not been updated.
#  recipe to execute (from 'Makefile', line 21):
	rm *.o $(PROG)

# Not a target:
mytest.o:
#  Implicit rule search has been done.
#  Last modified 2022-05-15 19:03:10.290585475
#  File has been updated.
#  Successfully updated.

mytest: mytest.o
#  Implicit rule search has not been done.
#  Last modified 2022-05-15 19:03:10.330587814
#  File has been updated.
#  Successfully updated.
#  recipe to execute (from 'Makefile', line 15):
	$(CC) $(FLAGS) -o mytest mytest.c

# files hash-table stats:
# Load=13/1024=1%, Rehash=0, Collisions=0/36=0%
# VPATH Search Paths

# No 'vpath' search paths.

# No general ('VPATH' variable) search path.

# strcache buffers: 1 (0) / strings = 26 / storage = 226 B / avg = 8 B
# current buf: size = 8162 B / used = 226 B / count = 26 / avg = 8 B

# strcache performance: lookups = 49 / hit rate = 46%
# hash-table stats:
# Load=26/8192=0%, Rehash=0, Collisions=1/49=2%
# Finished Make data base on Sun May 15 19:22:16 2022

 
